[2024-12-17T08:13:47.271+0000] {taskinstance.py:1103} INFO - Dependencies all met for dep_context=non-requeueable deps ti=<TaskInstance: players_data_to_postgres_etl.transform_data manual__2024-12-17T08:13:43.067631+00:00 [queued]>
[2024-12-17T08:13:47.275+0000] {taskinstance.py:1103} INFO - Dependencies all met for dep_context=requeueable deps ti=<TaskInstance: players_data_to_postgres_etl.transform_data manual__2024-12-17T08:13:43.067631+00:00 [queued]>
[2024-12-17T08:13:47.275+0000] {taskinstance.py:1308} INFO - Starting attempt 1 of 2
[2024-12-17T08:13:47.282+0000] {taskinstance.py:1327} INFO - Executing <Task(PythonOperator): transform_data> on 2024-12-17 08:13:43.067631+00:00
[2024-12-17T08:13:47.288+0000] {standard_task_runner.py:57} INFO - Started process 859 to run task
[2024-12-17T08:13:47.291+0000] {standard_task_runner.py:84} INFO - Running: ['***', 'tasks', 'run', 'players_data_to_postgres_etl', 'transform_data', 'manual__2024-12-17T08:13:43.067631+00:00', '--job-id', '351', '--raw', '--subdir', 'DAGS_FOLDER/players_data_to_postgres_etl.py', '--cfg-path', '/tmp/tmpcr8fq9x7']
[2024-12-17T08:13:47.292+0000] {standard_task_runner.py:85} INFO - Job 351: Subtask transform_data
[2024-12-17T08:13:47.346+0000] {task_command.py:410} INFO - Running <TaskInstance: players_data_to_postgres_etl.transform_data manual__2024-12-17T08:13:43.067631+00:00 [running]> on host 653f470dc9b4
[2024-12-17T08:13:47.403+0000] {taskinstance.py:1545} INFO - Exporting env vars: AIRFLOW_CTX_DAG_OWNER='***' AIRFLOW_CTX_DAG_ID='players_data_to_postgres_etl' AIRFLOW_CTX_TASK_ID='transform_data' AIRFLOW_CTX_EXECUTION_DATE='2024-12-17T08:13:43.067631+00:00' AIRFLOW_CTX_TRY_NUMBER='1' AIRFLOW_CTX_DAG_RUN_ID='manual__2024-12-17T08:13:43.067631+00:00'
[2024-12-17T08:13:47.433+0000] {taskinstance.py:1824} ERROR - Task failed with exception
Traceback (most recent call last):
  File "/home/airflow/.local/lib/python3.8/site-packages/pandas/core/indexes/base.py", line 3802, in get_loc
    return self._engine.get_loc(casted_key)
  File "pandas/_libs/index.pyx", line 138, in pandas._libs.index.IndexEngine.get_loc
  File "pandas/_libs/index.pyx", line 165, in pandas._libs.index.IndexEngine.get_loc
  File "pandas/_libs/hashtable_class_helper.pxi", line 5745, in pandas._libs.hashtable.PyObjectHashTable.get_item
  File "pandas/_libs/hashtable_class_helper.pxi", line 5753, in pandas._libs.hashtable.PyObjectHashTable.get_item
KeyError: 'player'

The above exception was the direct cause of the following exception:

Traceback (most recent call last):
  File "/home/airflow/.local/lib/python3.8/site-packages/airflow/operators/python.py", line 181, in execute
    return_value = self.execute_callable()
  File "/home/airflow/.local/lib/python3.8/site-packages/airflow/operators/python.py", line 198, in execute_callable
    return self.python_callable(*self.op_args, **self.op_kwargs)
  File "/opt/airflow/dags/players_data_to_postgres_etl.py", line 40, in transform_data
    transformed_df['nama'] = df['player']  # Kolom 'player' dari sumber digunakan sebagai 'nama'
  File "/home/airflow/.local/lib/python3.8/site-packages/pandas/core/frame.py", line 3807, in __getitem__
    indexer = self.columns.get_loc(key)
  File "/home/airflow/.local/lib/python3.8/site-packages/pandas/core/indexes/base.py", line 3804, in get_loc
    raise KeyError(key) from err
KeyError: 'player'
[2024-12-17T08:13:47.451+0000] {taskinstance.py:1345} INFO - Marking task as UP_FOR_RETRY. dag_id=players_data_to_postgres_etl, task_id=transform_data, execution_date=20241217T081343, start_date=20241217T081347, end_date=20241217T081347
[2024-12-17T08:13:47.459+0000] {standard_task_runner.py:104} ERROR - Failed to execute job 351 for task transform_data ('player'; 859)
[2024-12-17T08:13:47.474+0000] {local_task_job_runner.py:225} INFO - Task exited with return code 1
[2024-12-17T08:13:47.503+0000] {taskinstance.py:2653} INFO - 0 downstream tasks scheduled from follow-on schedule check
